<?xml version="1.0" encoding="UTF-8"?>
<testsuite xmlns:xsi="http://www.w3.org/2001/XMLSchema-instance" xsi:noNamespaceSchemaLocation="https://maven.apache.org/surefire/maven-surefire-plugin/xsd/surefire-test-report-3.0.xsd" version="3.0" name="com.example.threadcontroller.service.ShutdownServiceTest" time="0.045" tests="11" errors="0" skipped="0" failures="0">
  <properties>
[...]
</properties>
  <testcase name="testShutdownValidator" classname="com.example.threadcontroller.service.ShutdownServiceTest" time="0.016">
    <system-out><![CDATA[[2025-11-06T02:47:45.599057259Z] [main] [INFO] [ThreadController] Created new ThreadController with configuration: ThreadPoolConfiguration{corePoolSize=10, maximumPoolSize=20, keepAliveTime=60, timeUnit=SECONDS, threadType=PLATFORM}
[2025-11-06T02:47:45.599989675Z] [main] [INFO] [ResourceCleanupService] Created ResourceCleanupService
[2025-11-06T02:47:45.600160704Z] [main] [INFO] [ShutdownService] Created ShutdownService
[2025-11-06T02:47:45.600332466Z] [main] [INFO] [ResourceCleanupService] Created ResourceCleanupService
[2025-11-06T02:47:45.600588975Z] [main] [INFO] [TaskCompletionTracker] Created TaskCompletionTracker
[2025-11-06T02:47:45.600763142Z] [main] [INFO] [GracefulShutdownHandler] Created GracefulShutdownHandler
[2025-11-06T02:47:45.602527637Z] [main] [DEBUG] [ShutdownValidator] Shutdown timeouts validated successfully: shutdown=5 SECONDS, termination=5 SECONDS
[2025-11-06T02:47:45.602794793Z] [main] [DEBUG] [ShutdownValidator] Timeout validated successfully: 10 SECONDS
]]></system-out>
  </testcase>
  <testcase name="testShutdownServiceShutdown" classname="com.example.threadcontroller.service.ShutdownServiceTest" time="0.004">
    <system-out><![CDATA[[2025-11-06T02:47:45.607288635Z] [main] [INFO] [ThreadController] Created new ThreadController with configuration: ThreadPoolConfiguration{corePoolSize=10, maximumPoolSize=20, keepAliveTime=60, timeUnit=SECONDS, threadType=PLATFORM}
[2025-11-06T02:47:45.607531107Z] [main] [INFO] [ResourceCleanupService] Created ResourceCleanupService
[2025-11-06T02:47:45.607781652Z] [main] [INFO] [ShutdownService] Created ShutdownService
[2025-11-06T02:47:45.607926296Z] [main] [INFO] [ResourceCleanupService] Created ResourceCleanupService
[2025-11-06T02:47:45.608111965Z] [main] [INFO] [TaskCompletionTracker] Created TaskCompletionTracker
[2025-11-06T02:47:45.608268065Z] [main] [INFO] [GracefulShutdownHandler] Created GracefulShutdownHandler
[2025-11-06T02:47:45.608717286Z] [main] [INFO] [ShutdownService] Initiating graceful shutdown with timeout: 5 SECONDS
[2025-11-06T02:47:45.608907718Z] [main] [INFO] [ThreadController] ThreadController shutdown initiated
[2025-11-06T02:47:45.609066764Z] [main] [INFO] [ShutdownService] Executor service shutdown initiated
[2025-11-06T02:47:45.609209581Z] [main] [INFO] [ShutdownService] Awaiting termination with timeout: 5 SECONDS
[2025-11-06T02:47:45.609362611Z] [main] [INFO] [ShutdownService] Executor service terminated successfully
[2025-11-06T02:47:45.609537756Z] [main] [INFO] [ResourceCleanupService] Cleaning up 0 registered resources
[2025-11-06T02:47:45.609715380Z] [main] [INFO] [ResourceCleanupService] Cleaned up 0 out of 0 resources
[2025-11-06T02:47:45.609844217Z] [main] [INFO] [ShutdownService] Graceful shutdown completed. Terminated: true
]]></system-out>
  </testcase>
  <testcase name="testResourceCleanupService" classname="com.example.threadcontroller.service.ShutdownServiceTest" time="0.002">
    <system-out><![CDATA[[2025-11-06T02:47:45.610961510Z] [main] [INFO] [ThreadController] Created new ThreadController with configuration: ThreadPoolConfiguration{corePoolSize=10, maximumPoolSize=20, keepAliveTime=60, timeUnit=SECONDS, threadType=PLATFORM}
[2025-11-06T02:47:45.611153714Z] [main] [INFO] [ResourceCleanupService] Created ResourceCleanupService
[2025-11-06T02:47:45.611241068Z] [main] [INFO] [ShutdownService] Created ShutdownService
[2025-11-06T02:47:45.611308614Z] [main] [INFO] [ResourceCleanupService] Created ResourceCleanupService
[2025-11-06T02:47:45.611423947Z] [main] [INFO] [TaskCompletionTracker] Created TaskCompletionTracker
[2025-11-06T02:47:45.611502758Z] [main] [INFO] [GracefulShutdownHandler] Created GracefulShutdownHandler
[2025-11-06T02:47:45.611707648Z] [main] [INFO] [ResourceCleanupService] Created ResourceCleanupService
[2025-11-06T02:47:45.612090597Z] [main] [DEBUG] [ResourceCleanupService] Registered resource for cleanup: test-resource
[2025-11-06T02:47:45.612177856Z] [main] [DEBUG] [ResourceCleanupService] Unregistered resource from cleanup: test-resource
]]></system-out>
  </testcase>
  <testcase name="testTaskCompletionTrackerShutdownBehavior" classname="com.example.threadcontroller.service.ShutdownServiceTest" time="0.001">
    <system-out><![CDATA[[2025-11-06T02:47:45.613189422Z] [main] [INFO] [ThreadController] Created new ThreadController with configuration: ThreadPoolConfiguration{corePoolSize=10, maximumPoolSize=20, keepAliveTime=60, timeUnit=SECONDS, threadType=PLATFORM}
[2025-11-06T02:47:45.613276184Z] [main] [INFO] [ResourceCleanupService] Created ResourceCleanupService
[2025-11-06T02:47:45.613315575Z] [main] [INFO] [ShutdownService] Created ShutdownService
[2025-11-06T02:47:45.613356897Z] [main] [INFO] [ResourceCleanupService] Created ResourceCleanupService
[2025-11-06T02:47:45.613393722Z] [main] [INFO] [TaskCompletionTracker] Created TaskCompletionTracker
[2025-11-06T02:47:45.613436480Z] [main] [INFO] [GracefulShutdownHandler] Created GracefulShutdownHandler
[2025-11-06T02:47:45.613581613Z] [main] [INFO] [TaskCompletionTracker] Created TaskCompletionTracker
[2025-11-06T02:47:45.613649190Z] [main] [INFO] [TaskCompletionTracker] Shutdown initiated flag set to: true
[2025-11-06T02:47:45.613703744Z] [main] [WARN] [TaskCompletionTracker] Cannot register task task-1 - shutdown has been initiated
]]></system-out>
  </testcase>
  <testcase name="testGracefulShutdown" classname="com.example.threadcontroller.service.ShutdownServiceTest" time="0.007">
    <system-out><![CDATA[[2025-11-06T02:47:45.614418942Z] [main] [INFO] [ThreadController] Created new ThreadController with configuration: ThreadPoolConfiguration{corePoolSize=10, maximumPoolSize=20, keepAliveTime=60, timeUnit=SECONDS, threadType=PLATFORM}
[2025-11-06T02:47:45.614463082Z] [main] [INFO] [ResourceCleanupService] Created ResourceCleanupService
[2025-11-06T02:47:45.614489705Z] [main] [INFO] [ShutdownService] Created ShutdownService
[2025-11-06T02:47:45.614514297Z] [main] [INFO] [ResourceCleanupService] Created ResourceCleanupService
[2025-11-06T02:47:45.614539487Z] [main] [INFO] [TaskCompletionTracker] Created TaskCompletionTracker
[2025-11-06T02:47:45.614560004Z] [main] [INFO] [GracefulShutdownHandler] Created GracefulShutdownHandler
[2025-11-06T02:47:45.614662737Z] [main] [INFO] [GracefulShutdownHandler] Initiating two-phase graceful shutdown
[2025-11-06T02:47:45.614714196Z] [main] [INFO] [GracefulShutdownHandler] Performing shutdown phase with timeout: 2 SECONDS
[2025-11-06T02:47:45.614738882Z] [main] [INFO] [ThreadController] ThreadController shutdown initiated
[2025-11-06T02:47:45.614770037Z] [main] [INFO] [TaskCompletionTracker] Shutdown initiated flag set to: true
[2025-11-06T02:47:45.614803715Z] [main] [INFO] [GracefulShutdownHandler] Executor service shutdown initiated
[2025-11-06T02:47:45.614844150Z] [main] [INFO] [GracefulShutdownHandler] Performing await termination phase with timeout: 2 SECONDS
[2025-11-06T02:47:45.614871938Z] [main] [INFO] [GracefulShutdownHandler] Executor service terminated successfully
[2025-11-06T02:47:45.614902586Z] [main] [INFO] [ResourceCleanupService] Cleaning up 0 registered resources
[2025-11-06T02:47:45.614948850Z] [main] [INFO] [ResourceCleanupService] Cleaned up 0 out of 0 resources
[2025-11-06T02:47:45.621393016Z] [main] [INFO] [GracefulShutdownHandler] Two-phase graceful shutdown completed. Result: ShutdownResult{shutdownSuccess=true, terminationSuccess=true, cleanedResources=0, message='Shutdown completed in 0 ms'}
]]></system-out>
  </testcase>
  <testcase name="testShutdownServiceShutdownNow" classname="com.example.threadcontroller.service.ShutdownServiceTest" time="0.001">
    <system-out><![CDATA[[2025-11-06T02:47:45.622176559Z] [main] [INFO] [ThreadController] Created new ThreadController with configuration: ThreadPoolConfiguration{corePoolSize=10, maximumPoolSize=20, keepAliveTime=60, timeUnit=SECONDS, threadType=PLATFORM}
[2025-11-06T02:47:45.622221863Z] [main] [INFO] [ResourceCleanupService] Created ResourceCleanupService
[2025-11-06T02:47:45.622253250Z] [main] [INFO] [ShutdownService] Created ShutdownService
[2025-11-06T02:47:45.622269077Z] [main] [INFO] [ResourceCleanupService] Created ResourceCleanupService
[2025-11-06T02:47:45.622284818Z] [main] [INFO] [TaskCompletionTracker] Created TaskCompletionTracker
[2025-11-06T02:47:45.622298787Z] [main] [INFO] [GracefulShutdownHandler] Created GracefulShutdownHandler
[2025-11-06T02:47:45.622471904Z] [main] [INFO] [ShutdownService] Initiating immediate shutdown
[2025-11-06T02:47:45.622493981Z] [main] [INFO] [ThreadController] ThreadController shutdown initiated
[2025-11-06T02:47:45.622552808Z] [main] [INFO] [ShutdownService] Executor service shutdownNow initiated
[2025-11-06T02:47:45.622580192Z] [main] [INFO] [ResourceCleanupService] Cleaning up 0 registered resources
[2025-11-06T02:47:45.622612024Z] [main] [INFO] [ResourceCleanupService] Cleaned up 0 out of 0 resources
[2025-11-06T02:47:45.622630682Z] [main] [INFO] [ShutdownService] Immediate shutdown completed
]]></system-out>
  </testcase>
  <testcase name="testShutdownServiceCreation" classname="com.example.threadcontroller.service.ShutdownServiceTest" time="0.001">
    <system-out><![CDATA[[2025-11-06T02:47:45.623144037Z] [main] [INFO] [ThreadController] Created new ThreadController with configuration: ThreadPoolConfiguration{corePoolSize=10, maximumPoolSize=20, keepAliveTime=60, timeUnit=SECONDS, threadType=PLATFORM}
[2025-11-06T02:47:45.623178675Z] [main] [INFO] [ResourceCleanupService] Created ResourceCleanupService
[2025-11-06T02:47:45.623195812Z] [main] [INFO] [ShutdownService] Created ShutdownService
[2025-11-06T02:47:45.623211294Z] [main] [INFO] [ResourceCleanupService] Created ResourceCleanupService
[2025-11-06T02:47:45.623229012Z] [main] [INFO] [TaskCompletionTracker] Created TaskCompletionTracker
[2025-11-06T02:47:45.623242787Z] [main] [INFO] [GracefulShutdownHandler] Created GracefulShutdownHandler
]]></system-out>
  </testcase>
  <testcase name="testGracefulShutdownHandlerCreation" classname="com.example.threadcontroller.service.ShutdownServiceTest" time="0.001">
    <system-out><![CDATA[[2025-11-06T02:47:45.623781418Z] [main] [INFO] [ThreadController] Created new ThreadController with configuration: ThreadPoolConfiguration{corePoolSize=10, maximumPoolSize=20, keepAliveTime=60, timeUnit=SECONDS, threadType=PLATFORM}
[2025-11-06T02:47:45.623815311Z] [main] [INFO] [ResourceCleanupService] Created ResourceCleanupService
[2025-11-06T02:47:45.623833251Z] [main] [INFO] [ShutdownService] Created ShutdownService
[2025-11-06T02:47:45.623848435Z] [main] [INFO] [ResourceCleanupService] Created ResourceCleanupService
[2025-11-06T02:47:45.623864160Z] [main] [INFO] [TaskCompletionTracker] Created TaskCompletionTracker
[2025-11-06T02:47:45.623877735Z] [main] [INFO] [GracefulShutdownHandler] Created GracefulShutdownHandler
]]></system-out>
  </testcase>
  <testcase name="testDoubleShutdown" classname="com.example.threadcontroller.service.ShutdownServiceTest" time="0.0">
    <system-out><![CDATA[[2025-11-06T02:47:45.624375950Z] [main] [INFO] [ThreadController] Created new ThreadController with configuration: ThreadPoolConfiguration{corePoolSize=10, maximumPoolSize=20, keepAliveTime=60, timeUnit=SECONDS, threadType=PLATFORM}
[2025-11-06T02:47:45.624408607Z] [main] [INFO] [ResourceCleanupService] Created ResourceCleanupService
[2025-11-06T02:47:45.624425519Z] [main] [INFO] [ShutdownService] Created ShutdownService
[2025-11-06T02:47:45.624443813Z] [main] [INFO] [ResourceCleanupService] Created ResourceCleanupService
[2025-11-06T02:47:45.624459973Z] [main] [INFO] [TaskCompletionTracker] Created TaskCompletionTracker
[2025-11-06T02:47:45.624476907Z] [main] [INFO] [GracefulShutdownHandler] Created GracefulShutdownHandler
[2025-11-06T02:47:45.624559565Z] [main] [INFO] [ShutdownService] Initiating graceful shutdown with timeout: 1 SECONDS
[2025-11-06T02:47:45.624583830Z] [main] [INFO] [ThreadController] ThreadController shutdown initiated
[2025-11-06T02:47:45.624611005Z] [main] [INFO] [ShutdownService] Executor service shutdown initiated
[2025-11-06T02:47:45.624644740Z] [main] [INFO] [ShutdownService] Awaiting termination with timeout: 1 SECONDS
[2025-11-06T02:47:45.624663869Z] [main] [INFO] [ShutdownService] Executor service terminated successfully
[2025-11-06T02:47:45.624696605Z] [main] [INFO] [ResourceCleanupService] Cleaning up 0 registered resources
[2025-11-06T02:47:45.624726293Z] [main] [INFO] [ResourceCleanupService] Cleaned up 0 out of 0 resources
[2025-11-06T02:47:45.624750404Z] [main] [INFO] [ShutdownService] Graceful shutdown completed. Terminated: true
[2025-11-06T02:47:45.624770023Z] [main] [WARN] [ShutdownService] Shutdown already initiated
]]></system-out>
  </testcase>
  <testcase name="testTaskCompletionTracker" classname="com.example.threadcontroller.service.ShutdownServiceTest" time="0.001">
    <system-out><![CDATA[[2025-11-06T02:47:45.625204362Z] [main] [INFO] [ThreadController] Created new ThreadController with configuration: ThreadPoolConfiguration{corePoolSize=10, maximumPoolSize=20, keepAliveTime=60, timeUnit=SECONDS, threadType=PLATFORM}
[2025-11-06T02:47:45.625237379Z] [main] [INFO] [ResourceCleanupService] Created ResourceCleanupService
[2025-11-06T02:47:45.625254173Z] [main] [INFO] [ShutdownService] Created ShutdownService
[2025-11-06T02:47:45.625270737Z] [main] [INFO] [ResourceCleanupService] Created ResourceCleanupService
[2025-11-06T02:47:45.625285980Z] [main] [INFO] [TaskCompletionTracker] Created TaskCompletionTracker
[2025-11-06T02:47:45.625301573Z] [main] [INFO] [GracefulShutdownHandler] Created GracefulShutdownHandler
[2025-11-06T02:47:45.625371693Z] [main] [INFO] [TaskCompletionTracker] Created TaskCompletionTracker
[2025-11-06T02:47:45.625537980Z] [main] [DEBUG] [TaskCompletionTracker] Registered task for tracking: task-1
[2025-11-06T02:47:45.625577470Z] [main] [DEBUG] [TaskCompletionTracker] Marked task as completed: task-1. Previous status: RUNNING
[2025-11-06T02:47:45.625757818Z] [main] [DEBUG] [TaskCompletionTracker] Registered task for tracking: task-2
[2025-11-06T02:47:45.625794574Z] [main] [DEBUG] [TaskCompletionTracker] Marked task as failed: task-2. Error: Test error
]]></system-out>
  </testcase>
  <testcase name="testTaskSubmissionGuard" classname="com.example.threadcontroller.service.ShutdownServiceTest" time="0.001">
    <system-out><![CDATA[[2025-11-06T02:47:45.626639771Z] [main] [INFO] [ThreadController] Created new ThreadController with configuration: ThreadPoolConfiguration{corePoolSize=10, maximumPoolSize=20, keepAliveTime=60, timeUnit=SECONDS, threadType=PLATFORM}
[2025-11-06T02:47:45.626677368Z] [main] [INFO] [ResourceCleanupService] Created ResourceCleanupService
[2025-11-06T02:47:45.626694742Z] [main] [INFO] [ShutdownService] Created ShutdownService
[2025-11-06T02:47:45.626710782Z] [main] [INFO] [ResourceCleanupService] Created ResourceCleanupService
[2025-11-06T02:47:45.626725116Z] [main] [INFO] [TaskCompletionTracker] Created TaskCompletionTracker
[2025-11-06T02:47:45.626740273Z] [main] [INFO] [GracefulShutdownHandler] Created GracefulShutdownHandler
[2025-11-06T02:47:45.626966545Z] [main] [INFO] [TaskSubmissionGuard] Created TaskSubmissionGuard for component: TestComponent
[2025-11-06T02:47:45.627313159Z] [main] [INFO] [TaskSubmissionGuard] Shutdown initiated for component: TestComponent
[2025-11-06T02:47:45.627356439Z] [main] [DEBUG] [TaskSubmissionGuard] Task submission is not allowed for component: TestComponent
[2025-11-06T02:47:45.627454452Z] [main] [WARN] [TaskSubmissionGuard] Cannot submit task: TestComponent has been shut down
[2025-11-06T02:47:45.627505549Z] [main] [INFO] [TaskSubmissionGuard] Reset shutdown guard for component: TestComponent
]]></system-out>
  </testcase>
</testsuite>