<?xml version="1.0" encoding="UTF-8"?>
<testsuite xmlns:xsi="http://www.w3.org/2001/XMLSchema-instance" xsi:noNamespaceSchemaLocation="https://maven.apache.org/surefire/maven-surefire-plugin/xsd/surefire-test-report-3.0.xsd" version="3.0" name="com.example.threadcontroller.service.TaskServiceTest" time="0.628" tests="12" errors="0" skipped="0" failures="0">
  <properties>
[...]
</properties>
  <testcase name="testTaskExecutionServiceWithCallable" classname="com.example.threadcontroller.service.TaskServiceTest" time="0.061">
    <system-out><![CDATA[[2025-11-06T02:47:45.629809433Z] [main] [INFO] [ThreadController] Created new ThreadController with configuration: ThreadPoolConfiguration{corePoolSize=5, maximumPoolSize=5, keepAliveTime=60, timeUnit=SECONDS, threadType=PLATFORM}
[2025-11-06T02:47:45.629965958Z] [main] [INFO] [ThreadControllerService] Initialized platform thread executor with pool size: 5
[2025-11-06T02:47:45.630001777Z] [main] [INFO] [ThreadControllerService] Created ThreadControllerService with configuration: ThreadPoolConfiguration{corePoolSize=5, maximumPoolSize=5, keepAliveTime=60, timeUnit=SECONDS, threadType=PLATFORM}
[2025-11-06T02:47:45.630060924Z] [main] [INFO] [TaskQueueManager] Created TaskQueueManager with unbounded queue
[2025-11-06T02:47:45.630241881Z] [main] [INFO] [MetricsCollector] MetricsCollector initialized
[2025-11-06T02:47:45.630263111Z] [main] [INFO] [TaskExecutionService] Created TaskExecutionService
[2025-11-06T02:47:45.637053944Z] [main] [DEBUG] [Task] Created new task with ID: a6aff7be-139e-4641-9130-2d9daf18860e
[2025-11-06T02:47:45.637798606Z] [main] [INFO] [TaskExecutionService] Executing Callable task with ID: a6aff7be-139e-4641-9130-2d9daf18860e
[2025-11-06T02:47:45.637961264Z] [main] [DEBUG] [MetricsCollector] Recorded task submission. Task type: Callable, Total submitted: 1
[2025-11-06T02:47:45.638007957Z] [main] [DEBUG] [Task] Task a6aff7be-139e-4641-9130-2d9daf18860e status changed to RUNNING
[2025-11-06T02:47:45.639220592Z] [ForkJoinPool.commonPool-worker-1] [DEBUG] [TaskExecutionService] Running Callable task with ID: a6aff7be-139e-4641-9130-2d9daf18860e
Starting callable task: callable-execution-test
Completed callable task: callable-execution-test
[2025-11-06T02:47:45.689767624Z] [ForkJoinPool.commonPool-worker-1] [DEBUG] [Task] Task a6aff7be-139e-4641-9130-2d9daf18860e status changed to COMPLETED
[2025-11-06T02:47:45.689868705Z] [ForkJoinPool.commonPool-worker-1] [DEBUG] [MetricsCollector] Recorded task completion. Execution time: 51ms, Total completed: 1
[2025-11-06T02:47:45.689926852Z] [ForkJoinPool.commonPool-worker-1] [DEBUG] [TaskExecutionService] Callable task with ID: a6aff7be-139e-4641-9130-2d9daf18860e completed successfully in 51ms
[2025-11-06T02:47:45.690284205Z] [main] [INFO] [ThreadController] ThreadController shutdown initiated
[2025-11-06T02:47:45.690326116Z] [main] [INFO] [ThreadControllerService] Initiating graceful shutdown
[2025-11-06T02:47:45.690387761Z] [main] [INFO] [TaskQueueManager] TaskQueueManager shutdown initiated. Cleared queue of 0 tasks
]]></system-out>
  </testcase>
  <testcase name="testSubmitRunnableTask" classname="com.example.threadcontroller.service.TaskServiceTest" time="0.103">
    <system-out><![CDATA[[2025-11-06T02:47:45.691019345Z] [main] [INFO] [ThreadController] Created new ThreadController with configuration: ThreadPoolConfiguration{corePoolSize=5, maximumPoolSize=5, keepAliveTime=60, timeUnit=SECONDS, threadType=PLATFORM}
[2025-11-06T02:47:45.691065894Z] [main] [INFO] [ThreadControllerService] Initialized platform thread executor with pool size: 5
[2025-11-06T02:47:45.691097962Z] [main] [INFO] [ThreadControllerService] Created ThreadControllerService with configuration: ThreadPoolConfiguration{corePoolSize=5, maximumPoolSize=5, keepAliveTime=60, timeUnit=SECONDS, threadType=PLATFORM}
[2025-11-06T02:47:45.691114343Z] [main] [INFO] [TaskQueueManager] Created TaskQueueManager with unbounded queue
[2025-11-06T02:47:45.691130121Z] [main] [INFO] [MetricsCollector] MetricsCollector initialized
[2025-11-06T02:47:45.691141950Z] [main] [INFO] [TaskExecutionService] Created TaskExecutionService
[2025-11-06T02:47:45.691783277Z] [main] [INFO] [ThreadControllerService] Submitting task. Total submitted tasks: 1
Starting task: test-task
Completed task: test-task
[2025-11-06T02:47:45.792659721Z] [platform-thread-0] [INFO] [ThreadControllerService] Task completed. Total completed tasks: 1
[2025-11-06T02:47:45.793008173Z] [main] [INFO] [ThreadController] ThreadController shutdown initiated
[2025-11-06T02:47:45.793044731Z] [main] [INFO] [ThreadControllerService] Initiating graceful shutdown
[2025-11-06T02:47:45.793113085Z] [main] [INFO] [TaskQueueManager] TaskQueueManager shutdown initiated. Cleared queue of 0 tasks
]]></system-out>
  </testcase>
  <testcase name="testTaskExecutionService" classname="com.example.threadcontroller.service.TaskServiceTest" time="0.052">
    <system-out><![CDATA[[2025-11-06T02:47:45.793838178Z] [main] [INFO] [ThreadController] Created new ThreadController with configuration: ThreadPoolConfiguration{corePoolSize=5, maximumPoolSize=5, keepAliveTime=60, timeUnit=SECONDS, threadType=PLATFORM}
[2025-11-06T02:47:45.793898092Z] [main] [INFO] [ThreadControllerService] Initialized platform thread executor with pool size: 5
[2025-11-06T02:47:45.793926638Z] [main] [INFO] [ThreadControllerService] Created ThreadControllerService with configuration: ThreadPoolConfiguration{corePoolSize=5, maximumPoolSize=5, keepAliveTime=60, timeUnit=SECONDS, threadType=PLATFORM}
[2025-11-06T02:47:45.793942431Z] [main] [INFO] [TaskQueueManager] Created TaskQueueManager with unbounded queue
[2025-11-06T02:47:45.793957109Z] [main] [INFO] [MetricsCollector] MetricsCollector initialized
[2025-11-06T02:47:45.793969998Z] [main] [INFO] [TaskExecutionService] Created TaskExecutionService
[2025-11-06T02:47:45.794121078Z] [main] [DEBUG] [Task] Created new task with ID: 09efdfb0-ba99-4b3a-9a6e-17caf6db8eca
[2025-11-06T02:47:45.794154564Z] [main] [INFO] [TaskExecutionService] Executing Runnable task with ID: 09efdfb0-ba99-4b3a-9a6e-17caf6db8eca
[2025-11-06T02:47:45.794191485Z] [main] [DEBUG] [MetricsCollector] Recorded task submission. Task type: Runnable, Total submitted: 1
[2025-11-06T02:47:45.794216845Z] [main] [DEBUG] [Task] Task 09efdfb0-ba99-4b3a-9a6e-17caf6db8eca status changed to RUNNING
[2025-11-06T02:47:45.794691248Z] [ForkJoinPool.commonPool-worker-1] [DEBUG] [TaskExecutionService] Running Runnable task with ID: 09efdfb0-ba99-4b3a-9a6e-17caf6db8eca
Starting task: execution-test
Completed task: execution-test
[2025-11-06T02:47:45.844881437Z] [ForkJoinPool.commonPool-worker-1] [DEBUG] [Task] Task 09efdfb0-ba99-4b3a-9a6e-17caf6db8eca status changed to COMPLETED
[2025-11-06T02:47:45.844956856Z] [ForkJoinPool.commonPool-worker-1] [DEBUG] [MetricsCollector] Recorded task completion. Execution time: 50ms, Total completed: 1
[2025-11-06T02:47:45.845013515Z] [ForkJoinPool.commonPool-worker-1] [DEBUG] [TaskExecutionService] Runnable task with ID: 09efdfb0-ba99-4b3a-9a6e-17caf6db8eca completed successfully in 50ms
[2025-11-06T02:47:45.845204962Z] [main] [INFO] [ThreadController] ThreadController shutdown initiated
[2025-11-06T02:47:45.845240626Z] [main] [INFO] [ThreadControllerService] Initiating graceful shutdown
[2025-11-06T02:47:45.845297394Z] [main] [INFO] [TaskQueueManager] TaskQueueManager shutdown initiated. Cleared queue of 0 tasks
]]></system-out>
  </testcase>
  <testcase name="testTaskSubmissionValidator" classname="com.example.threadcontroller.service.TaskServiceTest" time="0.001">
    <system-out><![CDATA[[2025-11-06T02:47:45.845896639Z] [main] [INFO] [ThreadController] Created new ThreadController with configuration: ThreadPoolConfiguration{corePoolSize=5, maximumPoolSize=5, keepAliveTime=60, timeUnit=SECONDS, threadType=PLATFORM}
[2025-11-06T02:47:45.845939871Z] [main] [INFO] [ThreadControllerService] Initialized platform thread executor with pool size: 5
[2025-11-06T02:47:45.845968157Z] [main] [INFO] [ThreadControllerService] Created ThreadControllerService with configuration: ThreadPoolConfiguration{corePoolSize=5, maximumPoolSize=5, keepAliveTime=60, timeUnit=SECONDS, threadType=PLATFORM}
[2025-11-06T02:47:45.845983635Z] [main] [INFO] [TaskQueueManager] Created TaskQueueManager with unbounded queue
[2025-11-06T02:47:45.845999046Z] [main] [INFO] [MetricsCollector] MetricsCollector initialized
[2025-11-06T02:47:45.846010605Z] [main] [INFO] [TaskExecutionService] Created TaskExecutionService
[2025-11-06T02:47:45.846460141Z] [main] [DEBUG] [TaskSubmissionValidator] Task submission parameters validated successfully: name=test-task, duration=1000, poolSize=5
[2025-11-06T02:47:45.846709007Z] [main] [INFO] [ThreadController] ThreadController shutdown initiated
[2025-11-06T02:47:45.846732061Z] [main] [INFO] [ThreadControllerService] Initiating graceful shutdown
[2025-11-06T02:47:45.846879827Z] [main] [INFO] [TaskQueueManager] TaskQueueManager shutdown initiated. Cleared queue of 0 tasks
]]></system-out>
  </testcase>
  <testcase name="testSubmitTaskAfterShutdown" classname="com.example.threadcontroller.service.TaskServiceTest" time="0.001">
    <system-out><![CDATA[[2025-11-06T02:47:45.847536923Z] [main] [INFO] [ThreadController] Created new ThreadController with configuration: ThreadPoolConfiguration{corePoolSize=5, maximumPoolSize=5, keepAliveTime=60, timeUnit=SECONDS, threadType=PLATFORM}
[2025-11-06T02:47:45.847601789Z] [main] [INFO] [ThreadControllerService] Initialized platform thread executor with pool size: 5
[2025-11-06T02:47:45.847633244Z] [main] [INFO] [ThreadControllerService] Created ThreadControllerService with configuration: ThreadPoolConfiguration{corePoolSize=5, maximumPoolSize=5, keepAliveTime=60, timeUnit=SECONDS, threadType=PLATFORM}
[2025-11-06T02:47:45.847649515Z] [main] [INFO] [TaskQueueManager] Created TaskQueueManager with unbounded queue
[2025-11-06T02:47:45.847664Z] [main] [INFO] [MetricsCollector] MetricsCollector initialized
[2025-11-06T02:47:45.847676252Z] [main] [INFO] [TaskExecutionService] Created TaskExecutionService
[2025-11-06T02:47:45.847768224Z] [main] [INFO] [ThreadController] ThreadController shutdown initiated
[2025-11-06T02:47:45.847786449Z] [main] [INFO] [ThreadControllerService] Initiating graceful shutdown
[2025-11-06T02:47:45.847989792Z] [main] [INFO] [TaskQueueManager] TaskQueueManager shutdown initiated. Cleared queue of 0 tasks
]]></system-out>
  </testcase>
  <testcase name="testTaskQueueManagerWithTimeout" classname="com.example.threadcontroller.service.TaskServiceTest" time="0.101">
    <system-out><![CDATA[[2025-11-06T02:47:45.848561930Z] [main] [INFO] [ThreadController] Created new ThreadController with configuration: ThreadPoolConfiguration{corePoolSize=5, maximumPoolSize=5, keepAliveTime=60, timeUnit=SECONDS, threadType=PLATFORM}
[2025-11-06T02:47:45.848602513Z] [main] [INFO] [ThreadControllerService] Initialized platform thread executor with pool size: 5
[2025-11-06T02:47:45.848628029Z] [main] [INFO] [ThreadControllerService] Created ThreadControllerService with configuration: ThreadPoolConfiguration{corePoolSize=5, maximumPoolSize=5, keepAliveTime=60, timeUnit=SECONDS, threadType=PLATFORM}
[2025-11-06T02:47:45.848645277Z] [main] [INFO] [TaskQueueManager] Created TaskQueueManager with unbounded queue
[2025-11-06T02:47:45.848659636Z] [main] [INFO] [MetricsCollector] MetricsCollector initialized
[2025-11-06T02:47:45.848671301Z] [main] [INFO] [TaskExecutionService] Created TaskExecutionService
[2025-11-06T02:47:45.848758520Z] [main] [INFO] [TaskQueueManager] Created TaskQueueManager with bounded queue of capacity: 10
[2025-11-06T02:47:45.949035668Z] [main] [DEBUG] [Task] Created new task with ID: 078ba33a-1757-4428-8ccb-4aea5db07b44
[2025-11-06T02:47:45.949136164Z] [main] [DEBUG] [TaskQueueManager] Added task with ID: 078ba33a-1757-4428-8ccb-4aea5db07b44 to queue. Queue size: 1
[2025-11-06T02:47:45.949168451Z] [main] [DEBUG] [TaskQueueManager] Polled task with ID: 078ba33a-1757-4428-8ccb-4aea5db07b44 from queue. Remaining queue size: 0
[2025-11-06T02:47:45.949342135Z] [main] [INFO] [ThreadController] ThreadController shutdown initiated
[2025-11-06T02:47:45.949363145Z] [main] [INFO] [ThreadControllerService] Initiating graceful shutdown
[2025-11-06T02:47:45.949405547Z] [main] [INFO] [TaskQueueManager] TaskQueueManager shutdown initiated. Cleared queue of 0 tasks
]]></system-out>
  </testcase>
  <testcase name="testTaskAdapter" classname="com.example.threadcontroller.service.TaskServiceTest" time="0.001">
    <system-out><![CDATA[[2025-11-06T02:47:45.950055320Z] [main] [INFO] [ThreadController] Created new ThreadController with configuration: ThreadPoolConfiguration{corePoolSize=5, maximumPoolSize=5, keepAliveTime=60, timeUnit=SECONDS, threadType=PLATFORM}
[2025-11-06T02:47:45.950105798Z] [main] [INFO] [ThreadControllerService] Initialized platform thread executor with pool size: 5
[2025-11-06T02:47:45.950130255Z] [main] [INFO] [ThreadControllerService] Created ThreadControllerService with configuration: ThreadPoolConfiguration{corePoolSize=5, maximumPoolSize=5, keepAliveTime=60, timeUnit=SECONDS, threadType=PLATFORM}
[2025-11-06T02:47:45.950146891Z] [main] [INFO] [TaskQueueManager] Created TaskQueueManager with unbounded queue
[2025-11-06T02:47:45.950161002Z] [main] [INFO] [MetricsCollector] MetricsCollector initialized
[2025-11-06T02:47:45.950173724Z] [main] [INFO] [TaskExecutionService] Created TaskExecutionService
[2025-11-06T02:47:45.950614262Z] [main] [DEBUG] [Task] Created new task with ID: 2a81036f-c450-433d-a704-ba0057d0c460
[2025-11-06T02:47:45.950640804Z] [main] [DEBUG] [TaskAdapter] Created Task model from Runnable
[2025-11-06T02:47:45.950822538Z] [main] [INFO] [ThreadController] ThreadController shutdown initiated
[2025-11-06T02:47:45.950845616Z] [main] [INFO] [ThreadControllerService] Initiating graceful shutdown
[2025-11-06T02:47:45.950886136Z] [main] [INFO] [TaskQueueManager] TaskQueueManager shutdown initiated. Cleared queue of 0 tasks
]]></system-out>
  </testcase>
  <testcase name="testTaskSubmissionServiceCreation" classname="com.example.threadcontroller.service.TaskServiceTest" time="0.0">
    <system-out><![CDATA[[2025-11-06T02:47:45.951319873Z] [main] [INFO] [ThreadController] Created new ThreadController with configuration: ThreadPoolConfiguration{corePoolSize=5, maximumPoolSize=5, keepAliveTime=60, timeUnit=SECONDS, threadType=PLATFORM}
[2025-11-06T02:47:45.951359719Z] [main] [INFO] [ThreadControllerService] Initialized platform thread executor with pool size: 5
[2025-11-06T02:47:45.951383905Z] [main] [INFO] [ThreadControllerService] Created ThreadControllerService with configuration: ThreadPoolConfiguration{corePoolSize=5, maximumPoolSize=5, keepAliveTime=60, timeUnit=SECONDS, threadType=PLATFORM}
[2025-11-06T02:47:45.951399884Z] [main] [INFO] [TaskQueueManager] Created TaskQueueManager with unbounded queue
[2025-11-06T02:47:45.951415522Z] [main] [INFO] [MetricsCollector] MetricsCollector initialized
[2025-11-06T02:47:45.951428491Z] [main] [INFO] [TaskExecutionService] Created TaskExecutionService
[2025-11-06T02:47:45.951532758Z] [main] [INFO] [ThreadController] ThreadController shutdown initiated
[2025-11-06T02:47:45.951549129Z] [main] [INFO] [ThreadControllerService] Initiating graceful shutdown
[2025-11-06T02:47:45.951579798Z] [main] [INFO] [TaskQueueManager] TaskQueueManager shutdown initiated. Cleared queue of 0 tasks
]]></system-out>
  </testcase>
  <testcase name="testTaskResultHandlerWithException" classname="com.example.threadcontroller.service.TaskServiceTest" time="0.102">
    <system-out><![CDATA[[2025-11-06T02:47:45.951933878Z] [main] [INFO] [ThreadController] Created new ThreadController with configuration: ThreadPoolConfiguration{corePoolSize=5, maximumPoolSize=5, keepAliveTime=60, timeUnit=SECONDS, threadType=PLATFORM}
[2025-11-06T02:47:45.951968378Z] [main] [INFO] [ThreadControllerService] Initialized platform thread executor with pool size: 5
[2025-11-06T02:47:45.951992612Z] [main] [INFO] [ThreadControllerService] Created ThreadControllerService with configuration: ThreadPoolConfiguration{corePoolSize=5, maximumPoolSize=5, keepAliveTime=60, timeUnit=SECONDS, threadType=PLATFORM}
[2025-11-06T02:47:45.952010520Z] [main] [INFO] [TaskQueueManager] Created TaskQueueManager with unbounded queue
[2025-11-06T02:47:45.952024116Z] [main] [INFO] [MetricsCollector] MetricsCollector initialized
[2025-11-06T02:47:45.952038079Z] [main] [INFO] [TaskExecutionService] Created TaskExecutionService
[2025-11-06T02:47:45.952145906Z] [main] [DEBUG] [Task] Created new task with ID: 49cecfb9-7b1d-4e97-b193-35492de509a6
[2025-11-06T02:47:45.952473952Z] [main] [ERROR] [TaskResultHandler] Task with ID: 49cecfb9-7b1d-4e97-b193-35492de509a6 failed with exception: Test exception
[2025-11-06T02:47:46.052804612Z] [main] [INFO] [ThreadController] ThreadController shutdown initiated
[2025-11-06T02:47:46.052863479Z] [main] [INFO] [ThreadControllerService] Initiating graceful shutdown
[2025-11-06T02:47:46.052923815Z] [main] [INFO] [TaskQueueManager] TaskQueueManager shutdown initiated. Cleared queue of 0 tasks
]]></system-out>
  </testcase>
  <testcase name="testTaskQueueManager" classname="com.example.threadcontroller.service.TaskServiceTest" time="0.001">
    <system-out><![CDATA[[2025-11-06T02:47:46.053512124Z] [main] [INFO] [ThreadController] Created new ThreadController with configuration: ThreadPoolConfiguration{corePoolSize=5, maximumPoolSize=5, keepAliveTime=60, timeUnit=SECONDS, threadType=PLATFORM}
[2025-11-06T02:47:46.053558693Z] [main] [INFO] [ThreadControllerService] Initialized platform thread executor with pool size: 5
[2025-11-06T02:47:46.053583090Z] [main] [INFO] [ThreadControllerService] Created ThreadControllerService with configuration: ThreadPoolConfiguration{corePoolSize=5, maximumPoolSize=5, keepAliveTime=60, timeUnit=SECONDS, threadType=PLATFORM}
[2025-11-06T02:47:46.053601960Z] [main] [INFO] [TaskQueueManager] Created TaskQueueManager with unbounded queue
[2025-11-06T02:47:46.053618973Z] [main] [INFO] [MetricsCollector] MetricsCollector initialized
[2025-11-06T02:47:46.053635046Z] [main] [INFO] [TaskExecutionService] Created TaskExecutionService
[2025-11-06T02:47:46.053777898Z] [main] [INFO] [TaskQueueManager] Created TaskQueueManager with bounded queue of capacity: 10
[2025-11-06T02:47:46.053847156Z] [main] [DEBUG] [Task] Created new task with ID: 76ff1dad-b3bc-49d1-8f61-13f94f250f15
[2025-11-06T02:47:46.053900784Z] [main] [DEBUG] [Task] Created new task with ID: 23a40270-8210-40a9-8bb2-bc3898a5772a
[2025-11-06T02:47:46.053934315Z] [main] [DEBUG] [TaskQueueManager] Added task with ID: 76ff1dad-b3bc-49d1-8f61-13f94f250f15 to queue. Queue size: 1
[2025-11-06T02:47:46.053960562Z] [main] [DEBUG] [TaskQueueManager] Added task with ID: 23a40270-8210-40a9-8bb2-bc3898a5772a to queue. Queue size: 2
[2025-11-06T02:47:46.054013169Z] [main] [DEBUG] [TaskQueueManager] Took task with ID: 76ff1dad-b3bc-49d1-8f61-13f94f250f15 from queue. Remaining queue size: 1
[2025-11-06T02:47:46.054038570Z] [main] [DEBUG] [TaskQueueManager] Took task with ID: 23a40270-8210-40a9-8bb2-bc3898a5772a from queue. Remaining queue size: 0
[2025-11-06T02:47:46.054117182Z] [main] [INFO] [ThreadController] ThreadController shutdown initiated
[2025-11-06T02:47:46.054134087Z] [main] [INFO] [ThreadControllerService] Initiating graceful shutdown
[2025-11-06T02:47:46.054166989Z] [main] [INFO] [TaskQueueManager] TaskQueueManager shutdown initiated. Cleared queue of 0 tasks
]]></system-out>
  </testcase>
  <testcase name="testTaskResultHandler" classname="com.example.threadcontroller.service.TaskServiceTest" time="0.101">
    <system-out><![CDATA[[2025-11-06T02:47:46.054630362Z] [main] [INFO] [ThreadController] Created new ThreadController with configuration: ThreadPoolConfiguration{corePoolSize=5, maximumPoolSize=5, keepAliveTime=60, timeUnit=SECONDS, threadType=PLATFORM}
[2025-11-06T02:47:46.054671266Z] [main] [INFO] [ThreadControllerService] Initialized platform thread executor with pool size: 5
[2025-11-06T02:47:46.054695801Z] [main] [INFO] [ThreadControllerService] Created ThreadControllerService with configuration: ThreadPoolConfiguration{corePoolSize=5, maximumPoolSize=5, keepAliveTime=60, timeUnit=SECONDS, threadType=PLATFORM}
[2025-11-06T02:47:46.054715845Z] [main] [INFO] [TaskQueueManager] Created TaskQueueManager with unbounded queue
[2025-11-06T02:47:46.054728997Z] [main] [INFO] [MetricsCollector] MetricsCollector initialized
[2025-11-06T02:47:46.054741226Z] [main] [INFO] [TaskExecutionService] Created TaskExecutionService
[2025-11-06T02:47:46.054875937Z] [main] [DEBUG] [Task] Created new task with ID: cd2f0767-e6aa-4206-94f4-6bea5e8fec43
[2025-11-06T02:47:46.054906541Z] [main] [DEBUG] [TaskResultHandler] Task with ID: cd2f0767-e6aa-4206-94f4-6bea5e8fec43 completed successfully with result: test-result
[2025-11-06T02:47:46.155175700Z] [main] [INFO] [ThreadController] ThreadController shutdown initiated
[2025-11-06T02:47:46.155226508Z] [main] [INFO] [ThreadControllerService] Initiating graceful shutdown
[2025-11-06T02:47:46.155283053Z] [main] [INFO] [TaskQueueManager] TaskQueueManager shutdown initiated. Cleared queue of 0 tasks
]]></system-out>
  </testcase>
  <testcase name="testSubmitCallableTask" classname="com.example.threadcontroller.service.TaskServiceTest" time="0.102">
    <system-out><![CDATA[[2025-11-06T02:47:46.155831741Z] [main] [INFO] [ThreadController] Created new ThreadController with configuration: ThreadPoolConfiguration{corePoolSize=5, maximumPoolSize=5, keepAliveTime=60, timeUnit=SECONDS, threadType=PLATFORM}
[2025-11-06T02:47:46.155877588Z] [main] [INFO] [ThreadControllerService] Initialized platform thread executor with pool size: 5
[2025-11-06T02:47:46.155945826Z] [main] [INFO] [ThreadControllerService] Created ThreadControllerService with configuration: ThreadPoolConfiguration{corePoolSize=5, maximumPoolSize=5, keepAliveTime=60, timeUnit=SECONDS, threadType=PLATFORM}
[2025-11-06T02:47:46.155971915Z] [main] [INFO] [TaskQueueManager] Created TaskQueueManager with unbounded queue
[2025-11-06T02:47:46.156000472Z] [main] [INFO] [MetricsCollector] MetricsCollector initialized
[2025-11-06T02:47:46.156015898Z] [main] [INFO] [TaskExecutionService] Created TaskExecutionService
[2025-11-06T02:47:46.156523004Z] [main] [INFO] [ThreadControllerService] Submitting callable task. Total submitted tasks: 1
Starting callable task: test-callable
Completed callable task: test-callable
[2025-11-06T02:47:46.257199261Z] [platform-thread-0] [INFO] [ThreadControllerService] Callable task completed. Total completed tasks: 1
[2025-11-06T02:47:46.257503991Z] [main] [INFO] [ThreadController] ThreadController shutdown initiated
[2025-11-06T02:47:46.257547782Z] [main] [INFO] [ThreadControllerService] Initiating graceful shutdown
[2025-11-06T02:47:46.257601233Z] [main] [INFO] [TaskQueueManager] TaskQueueManager shutdown initiated. Cleared queue of 0 tasks
]]></system-out>
  </testcase>
</testsuite>