<?xml version="1.0" encoding="UTF-8"?>
<testsuite xmlns:xsi="http://www.w3.org/2001/XMLSchema-instance" xsi:noNamespaceSchemaLocation="https://maven.apache.org/surefire/maven-surefire-plugin/xsd/surefire-test-report-3.0.xsd" version="3.0" name="com.example.threadcontroller.model.ThreadControllerModelTest" time="0.006" tests="12" errors="0" skipped="0" failures="0">
  <properties>
[...]
</properties>
  <testcase name="testTaskStatusEnumValues" classname="com.example.threadcontroller.model.ThreadControllerModelTest" time="0.001">
    <system-out><![CDATA[[2025-11-06T02:47:46.258816110Z] [main] [INFO] [ThreadController] Created new ThreadController with configuration: ThreadPoolConfiguration{corePoolSize=10, maximumPoolSize=20, keepAliveTime=60, timeUnit=SECONDS, threadType=PLATFORM}
[2025-11-06T02:47:46.258874366Z] [main] [DEBUG] [Task] Created new task with ID: a28ad3e6-edb7-4749-9f23-4da3f8e7e538
]]></system-out>
  </testcase>
  <testcase name="testThreadControllerCounters" classname="com.example.threadcontroller.model.ThreadControllerModelTest" time="0.0">
    <system-out><![CDATA[[2025-11-06T02:47:46.259332188Z] [main] [INFO] [ThreadController] Created new ThreadController with configuration: ThreadPoolConfiguration{corePoolSize=10, maximumPoolSize=20, keepAliveTime=60, timeUnit=SECONDS, threadType=PLATFORM}
[2025-11-06T02:47:46.259361866Z] [main] [DEBUG] [Task] Created new task with ID: 0eb4ed33-4839-4b6b-90ac-5332cf8352bb
]]></system-out>
  </testcase>
  <testcase name="testThreadControllerShutdown" classname="com.example.threadcontroller.model.ThreadControllerModelTest" time="0.0">
    <system-out><![CDATA[[2025-11-06T02:47:46.259744537Z] [main] [INFO] [ThreadController] Created new ThreadController with configuration: ThreadPoolConfiguration{corePoolSize=10, maximumPoolSize=20, keepAliveTime=60, timeUnit=SECONDS, threadType=PLATFORM}
[2025-11-06T02:47:46.259814621Z] [main] [DEBUG] [Task] Created new task with ID: f38134fc-97de-4f48-bcc5-e3add923bf56
[2025-11-06T02:47:46.259877461Z] [main] [INFO] [ThreadController] ThreadController shutdown initiated
]]></system-out>
  </testcase>
  <testcase name="testInvalidTaskStateTransitions" classname="com.example.threadcontroller.model.ThreadControllerModelTest" time="0.0">
    <system-out><![CDATA[[2025-11-06T02:47:46.260211612Z] [main] [INFO] [ThreadController] Created new ThreadController with configuration: ThreadPoolConfiguration{corePoolSize=10, maximumPoolSize=20, keepAliveTime=60, timeUnit=SECONDS, threadType=PLATFORM}
[2025-11-06T02:47:46.260252752Z] [main] [DEBUG] [Task] Created new task with ID: fe2c2b0b-dad6-4096-9a7d-eebdd9b9b21c
[2025-11-06T02:47:46.260316460Z] [main] [DEBUG] [Task] Task fe2c2b0b-dad6-4096-9a7d-eebdd9b9b21c status changed to RUNNING
[2025-11-06T02:47:46.260330878Z] [main] [DEBUG] [Task] Task fe2c2b0b-dad6-4096-9a7d-eebdd9b9b21c status changed to COMPLETED
]]></system-out>
  </testcase>
  <testcase name="testThreadPoolConfigurationConstructor" classname="com.example.threadcontroller.model.ThreadControllerModelTest" time="0.001">
    <system-out><![CDATA[[2025-11-06T02:47:46.261022509Z] [main] [INFO] [ThreadController] Created new ThreadController with configuration: ThreadPoolConfiguration{corePoolSize=10, maximumPoolSize=20, keepAliveTime=60, timeUnit=SECONDS, threadType=PLATFORM}
[2025-11-06T02:47:46.261064516Z] [main] [DEBUG] [Task] Created new task with ID: c0d7454c-5c54-4e46-954b-f7801a11a7a7
]]></system-out>
  </testcase>
  <testcase name="testThreadControllerInitialState" classname="com.example.threadcontroller.model.ThreadControllerModelTest" time="0.0">
    <system-out><![CDATA[[2025-11-06T02:47:46.261459732Z] [main] [INFO] [ThreadController] Created new ThreadController with configuration: ThreadPoolConfiguration{corePoolSize=10, maximumPoolSize=20, keepAliveTime=60, timeUnit=SECONDS, threadType=PLATFORM}
[2025-11-06T02:47:46.261498743Z] [main] [DEBUG] [Task] Created new task with ID: 944e4c3d-0b84-40a2-a791-a557631368bd
]]></system-out>
  </testcase>
  <testcase name="testTaskEquality" classname="com.example.threadcontroller.model.ThreadControllerModelTest" time="0.001">
    <system-out><![CDATA[[2025-11-06T02:47:46.261907187Z] [main] [INFO] [ThreadController] Created new ThreadController with configuration: ThreadPoolConfiguration{corePoolSize=10, maximumPoolSize=20, keepAliveTime=60, timeUnit=SECONDS, threadType=PLATFORM}
[2025-11-06T02:47:46.261935866Z] [main] [DEBUG] [Task] Created new task with ID: b54bb261-9e4d-4c32-9008-503bfc578787
[2025-11-06T02:47:46.262001179Z] [main] [DEBUG] [Task] Created new task with ID: test-id
[2025-11-06T02:47:46.262013281Z] [main] [DEBUG] [Task] Created new task with ID: test-id
[2025-11-06T02:47:46.262027157Z] [main] [DEBUG] [Task] Created new task with ID: different-id
]]></system-out>
  </testcase>
  <testcase name="testThreadPoolConfigurationDefaultValues" classname="com.example.threadcontroller.model.ThreadControllerModelTest" time="0.0">
    <system-out><![CDATA[[2025-11-06T02:47:46.262603049Z] [main] [INFO] [ThreadController] Created new ThreadController with configuration: ThreadPoolConfiguration{corePoolSize=10, maximumPoolSize=20, keepAliveTime=60, timeUnit=SECONDS, threadType=PLATFORM}
[2025-11-06T02:47:46.262641793Z] [main] [DEBUG] [Task] Created new task with ID: c894792a-27db-48b5-a967-373d0f0749af
]]></system-out>
  </testcase>
  <testcase name="testTaskStateTransitions" classname="com.example.threadcontroller.model.ThreadControllerModelTest" time="0.001">
    <system-out><![CDATA[[2025-11-06T02:47:46.263016208Z] [main] [INFO] [ThreadController] Created new ThreadController with configuration: ThreadPoolConfiguration{corePoolSize=10, maximumPoolSize=20, keepAliveTime=60, timeUnit=SECONDS, threadType=PLATFORM}
[2025-11-06T02:47:46.263056537Z] [main] [DEBUG] [Task] Created new task with ID: 2b8d87f8-1325-4890-a5a0-a6dcbe16e4a4
[2025-11-06T02:47:46.263129708Z] [main] [DEBUG] [Task] Task 2b8d87f8-1325-4890-a5a0-a6dcbe16e4a4 status changed to RUNNING
[2025-11-06T02:47:46.263146091Z] [main] [DEBUG] [Task] Task 2b8d87f8-1325-4890-a5a0-a6dcbe16e4a4 status changed to COMPLETED
[2025-11-06T02:47:46.263180901Z] [main] [DEBUG] [Task] Created new task with ID: 3ac5fd53-6123-46f6-917d-ecadec226239
[2025-11-06T02:47:46.263194856Z] [main] [DEBUG] [Task] Task 3ac5fd53-6123-46f6-917d-ecadec226239 status changed to RUNNING
[2025-11-06T02:47:46.263207683Z] [main] [DEBUG] [Task] Task 3ac5fd53-6123-46f6-917d-ecadec226239 status changed to FAILED
]]></system-out>
  </testcase>
  <testcase name="testTaskInitialState" classname="com.example.threadcontroller.model.ThreadControllerModelTest" time="0.0">
    <system-out><![CDATA[[2025-11-06T02:47:46.263529493Z] [main] [INFO] [ThreadController] Created new ThreadController with configuration: ThreadPoolConfiguration{corePoolSize=10, maximumPoolSize=20, keepAliveTime=60, timeUnit=SECONDS, threadType=PLATFORM}
[2025-11-06T02:47:46.263566616Z] [main] [DEBUG] [Task] Created new task with ID: 66c3f792-cde9-47bc-a6ab-706d776aa124
]]></system-out>
  </testcase>
  <testcase name="testThreadPoolConfigurationValidation" classname="com.example.threadcontroller.model.ThreadControllerModelTest" time="0.001">
    <system-out><![CDATA[[2025-11-06T02:47:46.263913004Z] [main] [INFO] [ThreadController] Created new ThreadController with configuration: ThreadPoolConfiguration{corePoolSize=10, maximumPoolSize=20, keepAliveTime=60, timeUnit=SECONDS, threadType=PLATFORM}
[2025-11-06T02:47:46.263937430Z] [main] [DEBUG] [Task] Created new task with ID: 4c9d4623-5c7a-4dcb-adad-fa340da0eff1
]]></system-out>
  </testcase>
  <testcase name="testThreadTypeEnumValues" classname="com.example.threadcontroller.model.ThreadControllerModelTest" time="0.0">
    <system-out><![CDATA[[2025-11-06T02:47:46.264673684Z] [main] [INFO] [ThreadController] Created new ThreadController with configuration: ThreadPoolConfiguration{corePoolSize=10, maximumPoolSize=20, keepAliveTime=60, timeUnit=SECONDS, threadType=PLATFORM}
[2025-11-06T02:47:46.264720091Z] [main] [DEBUG] [Task] Created new task with ID: 3c98ed7b-4e40-4594-a77f-3fab50a98f11
]]></system-out>
  </testcase>
</testsuite>